<?xml version="1.0" encoding="UTF-8"?>
<!-- Generated by org.testng.reporters.JUnitReportReporter -->
<testsuite skipped="0" hostname="LAPTOP-AS8JDII6" name="com.testcases.DPR_ADV_004_Test" tests="1" failures="0" timestamp="06 Dec 2019 17:21:39 GMT" time="12.317" errors="0">
  <testcase name="DPR_ADV_004" time="12.317" classname="com.testcases.DPR_ADV_004_Test"/>
</testsuite> <!-- com.testcases.DPR_ADV_004_Test -->
