<?xml version="1.0" encoding="UTF-8"?>
<!-- Generated by org.testng.reporters.JUnitReportReporter -->
<testsuite skipped="0" hostname="LAPTOP-AS8JDII6" name="com.testcases.DPR_ADV_005_Test" tests="1" failures="0" timestamp="07 Dec 2019 18:05:56 GMT" time="24.485" errors="0">
  <testcase name="DPR_ADV_005" time="24.485" classname="com.testcases.DPR_ADV_005_Test"/>
</testsuite> <!-- com.testcases.DPR_ADV_005_Test -->
