<?xml version="1.0" encoding="UTF-8"?>
<!-- Generated by org.testng.reporters.JUnitReportReporter -->
<testsuite skipped="0" hostname="LAPTOP-AS8JDII6" name="com.testcases.DPR_ADV_009_Test" tests="1" failures="0" timestamp="15 Dec 2019 07:31:28 GMT" time="6.374" errors="0">
  <testcase name="DPR_ADV__009" time="6.374" classname="com.testcases.DPR_ADV_009_Test"/>
</testsuite> <!-- com.testcases.DPR_ADV_009_Test -->
