<?xml version="1.0" encoding="UTF-8"?>
<!-- Generated by org.testng.reporters.JUnitReportReporter -->
<testsuite skipped="0" hostname="LAPTOP-AS8JDII6" name="com.testcases.DPR_ADV_002_Test" tests="1" failures="0" timestamp="10 Dec 2019 16:37:08 GMT" time="3.058" errors="0">
  <testcase name="DPR_ADV_002" time="3.058" classname="com.testcases.DPR_ADV_002_Test"/>
</testsuite> <!-- com.testcases.DPR_ADV_002_Test -->
