<?xml version="1.0" encoding="UTF-8"?>
<!-- Generated by org.testng.reporters.JUnitReportReporter -->
<testsuite skipped="0" hostname="LAPTOP-AS8JDII6" name="com.testcases.DPR_ADV_008_Test" tests="1" failures="0" timestamp="12 Dec 2019 15:46:05 GMT" time="6.106" errors="0">
  <testcase name="DPR_ADV_008" time="6.106" classname="com.testcases.DPR_ADV_008_Test"/>
</testsuite> <!-- com.testcases.DPR_ADV_008_Test -->
