<?xml version="1.0" encoding="UTF-8"?>
<!-- Generated by org.testng.reporters.JUnitReportReporter -->
<testsuite skipped="0" hostname="LAPTOP-AS8JDII6" name="com.testcases.DPR_ADV_003_Test" tests="1" failures="0" timestamp="07 Dec 2019 18:05:56 GMT" time="2.980" errors="0">
  <testcase name="DPR_ADV_003" time="2.980" classname="com.testcases.DPR_ADV_003_Test"/>
</testsuite> <!-- com.testcases.DPR_ADV_003_Test -->
