<?xml version="1.0" encoding="UTF-8"?>
<!-- Generated by org.testng.reporters.JUnitReportReporter -->
<testsuite skipped="0" hostname="LAPTOP-AS8JDII6" name="com.testcases.DPR_ADV_007_Test" tests="1" failures="0" timestamp="10 Dec 2019 16:37:08 GMT" time="0.073" errors="0">
  <testcase name="DPR_ADV_007" time="0.073" classname="com.testcases.DPR_ADV_007_Test"/>
</testsuite> <!-- com.testcases.DPR_ADV_007_Test -->
