<?xml version="1.0" encoding="UTF-8"?>
<!-- Generated by org.testng.reporters.JUnitReportReporter -->
<testsuite skipped="0" hostname="LAPTOP-AS8JDII6" name="com.testcases.DPR_ADV_006_Test" tests="1" failures="0" timestamp="10 Dec 2019 09:49:50 GMT" time="1.159" errors="0">
  <testcase name="DPR_ADV_006" time="1.159" classname="com.testcases.DPR_ADV_006_Test"/>
</testsuite> <!-- com.testcases.DPR_ADV_006_Test -->
